nohup: ignoring input
/workspaces/new_repo_2/simon/PINN_tuning.py:71: SyntaxWarning: invalid escape sequence '\m'
  """ 
Epoch    0 | Training Loss: 1.1726e-01 | Validation PDE Loss: 5.9236e-02
Training Loss of one batch:
Boundary Loss: 2.2472e-02, Initial Loss: 1.4230e-01, PDE Loss: 7.6357e-03, Non-trivial Loss: 2.2756e-01
Validation Losses:
Boundary Loss: 2.2620e-02, Initial Loss: 1.4746e-01, PDE Loss: 7.6306e-03, Non-trivial Loss: 2.2733e-01

Epoch  100 | Training Loss: 7.9495e-02 | Validation PDE Loss: 5.1202e-02
Training Loss of one batch:
Boundary Loss: 7.8469e-02, Initial Loss: 7.5544e-02, PDE Loss: 1.3970e-03, Non-trivial Loss: 1.6354e-01
Validation Losses:
Boundary Loss: 7.7111e-02, Initial Loss: 7.5139e-02, PDE Loss: 1.3576e-03, Non-trivial Loss: 1.6414e-01

Epoch  200 | Training Loss: 6.9939e-02 | Validation PDE Loss: 5.0220e-02
Training Loss of one batch:
Boundary Loss: 9.6956e-02, Initial Loss: 4.9438e-02, PDE Loss: 4.7756e-03, Non-trivial Loss: 1.2923e-01
Validation Losses:
Boundary Loss: 9.7298e-02, Initial Loss: 4.8293e-02, PDE Loss: 5.0699e-03, Non-trivial Loss: 1.2899e-01

Epoch  300 | Training Loss: 6.1593e-02 | Validation PDE Loss: 4.6771e-02
Training Loss of one batch:
Boundary Loss: 1.0965e-01, Initial Loss: 2.6138e-02, PDE Loss: 3.8504e-03, Non-trivial Loss: 1.0647e-01
Validation Losses:
Boundary Loss: 1.1058e-01, Initial Loss: 2.5527e-02, PDE Loss: 4.2108e-03, Non-trivial Loss: 1.0547e-01

Epoch  400 | Training Loss: 5.4688e-02 | Validation PDE Loss: 4.0811e-02
Training Loss of one batch:
Boundary Loss: 1.0740e-01, Initial Loss: 1.3285e-02, PDE Loss: 5.5797e-03, Non-trivial Loss: 9.4989e-02
Validation Losses:
Boundary Loss: 1.0465e-01, Initial Loss: 1.2458e-02, PDE Loss: 5.3217e-03, Non-trivial Loss: 9.5252e-02


Final Validation PDE Loss: 3.8177e-02
Model saved as pinn_model_128_3_3e-05_1.0_1.0_1.0.pth
Training time: 40.89 minutes
